<?xml version="1.0" encoding="UTF-8"?>
<!-- Generated by org.testng.reporters.JUnitReportReporter -->
<testsuite skipped="0" hostname="CBT-MH-000" name="Automation.Travelers.CarsTest" tests="1" failures="0" timestamp="12 Oct 2019 06:31:20 GMT" time="21.601" errors="0">
  <testcase name="test" time="21.601" classname="Automation.Travelers.CarsTest"/>
</testsuite> <!-- Automation.Travelers.CarsTest -->
