<?xml version="1.0" encoding="UTF-8"?>
<!-- Generated by org.testng.reporters.JUnitReportReporter -->
<testsuite skipped="0" hostname="CBT-MH-000" name="Automation.Travelers.Test_Case_2Test" tests="1" failures="0" timestamp="3 Oct 2019 09:08:33 GMT" time="21.465" errors="0">
  <testcase name="hotelSearch" time="21.465" classname="Automation.Travelers.Test_Case_2Test"/>
</testsuite> <!-- Automation.Travelers.Test_Case_2Test -->
