<?xml version="1.0" encoding="UTF-8"?>
<!-- Generated by org.testng.reporters.JUnitReportReporter -->
<testsuite skipped="0" hostname="CBT-MH-000" name="Automation.Travelers.Testcase2" tests="1" failures="0" timestamp="31 Oct 2019 06:11:00 GMT" time="14.889" errors="0">
  <testcase name="Login" time="14.889" classname="Automation.Travelers.Testcase2"/>
</testsuite> <!-- Automation.Travelers.Testcase2 -->
