<?xml version="1.0" encoding="UTF-8"?>
<!-- Generated by org.testng.reporters.JUnitReportReporter -->
<testsuite skipped="0" hostname="CBT-MH-000" name="Automation.Travelers.Testcase1" tests="1" failures="0" timestamp="31 Oct 2019 06:10:38 GMT" time="3.463" errors="0">
  <testcase name="userRegistration" time="3.463" classname="Automation.Travelers.Testcase1"/>
</testsuite> <!-- Automation.Travelers.Testcase1 -->
