<?xml version="1.0" encoding="UTF-8"?>
<!-- Generated by org.testng.reporters.JUnitReportReporter -->
<testsuite skipped="0" hostname="CBT-MH-000" name="Automation.Travelers.HotelTest" tests="1" failures="0" timestamp="31 Oct 2019 06:11:53 GMT" time="12.940" errors="0">
  <testcase name="test1" time="12.940" classname="Automation.Travelers.HotelTest"/>
</testsuite> <!-- Automation.Travelers.HotelTest -->
